<?xml version="1.0" encoding="UTF-8"?>
<testng-results ignored="0" total="8" passed="8" failed="0" skipped="0">
  <reporter-output>
  </reporter-output>
  <suite started-at="2023-03-30T16:27:55 CEST" name="Suite" finished-at="2023-03-30T16:28:39 CEST" duration-ms="44301">
    <groups>
      <group name="cucumber">
        <method signature="AbstractTestNGCucumberTests.runScenario(io.cucumber.testng.PickleWrapper,io.cucumber.testng.FeatureWrapper)[pri:0, instance:runner.TestNGRunner@52bf72b5]" name="runScenario" class="io.cucumber.testng.AbstractTestNGCucumberTests"/>
      </group> <!-- cucumber -->
    </groups>
    <test started-at="2023-03-30T16:27:55 CEST" name="Test" finished-at="2023-03-30T16:28:39 CEST" duration-ms="44301">
      <class name="runner.TestNGRunner">
        <test-method is-config="true" signature="setUpClass(org.testng.ITestContext)[pri:0, instance:runner.TestNGRunner@52bf72b5]" started-at="2023-03-30T16:27:55 CEST" name="setUpClass" finished-at="2023-03-30T16:27:56 CEST" duration-ms="741" status="PASS">
          <params>
            <param index="0">
              <value>
                <![CDATA[org.testng.TestRunner@6bc24e72]]>
              </value>
            </param>
          </params>
          <reporter-output>
          </reporter-output>
        </test-method> <!-- setUpClass -->
        <test-method signature="runScenario(io.cucumber.testng.PickleWrapper,io.cucumber.testng.FeatureWrapper)[pri:0, instance:runner.TestNGRunner@52bf72b5]" started-at="2023-03-30T16:27:56 CEST" name="runScenario" description="Runs Cucumber Scenarios" data-provider="scenarios" finished-at="2023-03-30T16:28:08 CEST" duration-ms="12291" status="PASS">
          <params>
            <param index="0">
              <value>
                <![CDATA["User should be able to login with valid credentials"]]>
              </value>
            </param>
            <param index="1">
              <value>
                <![CDATA["Login to Orange hrm application"]]>
              </value>
            </param>
          </params>
          <reporter-output>
          </reporter-output>
        </test-method> <!-- runScenario -->
        <test-method signature="runScenario(io.cucumber.testng.PickleWrapper,io.cucumber.testng.FeatureWrapper)[pri:0, instance:runner.TestNGRunner@52bf72b5]" started-at="2023-03-30T16:28:08 CEST" name="runScenario" description="Runs Cucumber Scenarios" data-provider="scenarios" finished-at="2023-03-30T16:28:28 CEST" duration-ms="20048" status="PASS">
          <params>
            <param index="0">
              <value>
                <![CDATA["User should be able to login with valid credentials"]]>
              </value>
            </param>
            <param index="1">
              <value>
                <![CDATA["Login to Orange hrm application"]]>
              </value>
            </param>
          </params>
          <reporter-output>
          </reporter-output>
        </test-method> <!-- runScenario -->
        <test-method signature="runScenario(io.cucumber.testng.PickleWrapper,io.cucumber.testng.FeatureWrapper)[pri:0, instance:runner.TestNGRunner@52bf72b5]" started-at="2023-03-30T16:28:28 CEST" name="runScenario" description="Runs Cucumber Scenarios" data-provider="scenarios" finished-at="2023-03-30T16:28:39 CEST" duration-ms="11084" status="PASS">
          <params>
            <param index="0">
              <value>
                <![CDATA["User should be able to login with valid credentials"]]>
              </value>
            </param>
            <param index="1">
              <value>
                <![CDATA["Login to Orange hrm application"]]>
              </value>
            </param>
          </params>
          <reporter-output>
          </reporter-output>
        </test-method> <!-- runScenario -->
        <test-method signature="runScenario(io.cucumber.testng.PickleWrapper,io.cucumber.testng.FeatureWrapper)[pri:0, instance:runner.TestNGRunner@52bf72b5]" started-at="2023-03-30T16:28:39 CEST" name="runScenario" description="Runs Cucumber Scenarios" data-provider="scenarios" finished-at="2023-03-30T16:28:39 CEST" duration-ms="5" status="PASS">
          <params>
            <param index="0">
              <value>
                <![CDATA["User should be able to search for products under books category"]]>
              </value>
            </param>
            <param index="1">
              <value>
                <![CDATA["Search of various product category should be possible along with product search"]]>
              </value>
            </param>
          </params>
          <reporter-output>
          </reporter-output>
        </test-method> <!-- runScenario -->
        <test-method signature="runScenario(io.cucumber.testng.PickleWrapper,io.cucumber.testng.FeatureWrapper)[pri:0, instance:runner.TestNGRunner@52bf72b5]" started-at="2023-03-30T16:28:39 CEST" name="runScenario" description="Runs Cucumber Scenarios" data-provider="scenarios" finished-at="2023-03-30T16:28:39 CEST" duration-ms="5" status="PASS">
          <params>
            <param index="0">
              <value>
                <![CDATA["User should be able to search for products under books category"]]>
              </value>
            </param>
            <param index="1">
              <value>
                <![CDATA["Search of various product category should be possible along with product search"]]>
              </value>
            </param>
          </params>
          <reporter-output>
          </reporter-output>
        </test-method> <!-- runScenario -->
        <test-method signature="runScenario(io.cucumber.testng.PickleWrapper,io.cucumber.testng.FeatureWrapper)[pri:0, instance:runner.TestNGRunner@52bf72b5]" started-at="2023-03-30T16:28:39 CEST" name="runScenario" description="Runs Cucumber Scenarios" data-provider="scenarios" finished-at="2023-03-30T16:28:39 CEST" duration-ms="5" status="PASS">
          <params>
            <param index="0">
              <value>
                <![CDATA["I am good Software Tester and my boss loves me."]]>
              </value>
            </param>
            <param index="1">
              <value>
                <![CDATA["Life of a Software Tester and his boss"]]>
              </value>
            </param>
          </params>
          <reporter-output>
          </reporter-output>
        </test-method> <!-- runScenario -->
        <test-method signature="runScenario(io.cucumber.testng.PickleWrapper,io.cucumber.testng.FeatureWrapper)[pri:0, instance:runner.TestNGRunner@52bf72b5]" started-at="2023-03-30T16:28:39 CEST" name="runScenario" description="Runs Cucumber Scenarios" data-provider="scenarios" finished-at="2023-03-30T16:28:39 CEST" duration-ms="5" status="PASS">
          <params>
            <param index="0">
              <value>
                <![CDATA["I am average Software Tester and my boss forgives me."]]>
              </value>
            </param>
            <param index="1">
              <value>
                <![CDATA["Life of a Software Tester and his boss"]]>
              </value>
            </param>
          </params>
          <reporter-output>
          </reporter-output>
        </test-method> <!-- runScenario -->
        <test-method signature="runScenario(io.cucumber.testng.PickleWrapper,io.cucumber.testng.FeatureWrapper)[pri:0, instance:runner.TestNGRunner@52bf72b5]" started-at="2023-03-30T16:28:39 CEST" name="runScenario" description="Runs Cucumber Scenarios" data-provider="scenarios" finished-at="2023-03-30T16:28:39 CEST" duration-ms="7" status="PASS">
          <params>
            <param index="0">
              <value>
                <![CDATA["I am bad Software Tester and my boss hates me."]]>
              </value>
            </param>
            <param index="1">
              <value>
                <![CDATA["Life of a Software Tester and his boss"]]>
              </value>
            </param>
          </params>
          <reporter-output>
          </reporter-output>
        </test-method> <!-- runScenario -->
        <test-method is-config="true" signature="tearDownClass()[pri:0, instance:runner.TestNGRunner@52bf72b5]" started-at="2023-03-30T16:28:39 CEST" name="tearDownClass" finished-at="2023-03-30T16:28:39 CEST" duration-ms="43" status="PASS">
          <reporter-output>
          </reporter-output>
        </test-method> <!-- tearDownClass -->
      </class> <!-- runner.TestNGRunner -->
    </test> <!-- Test -->
  </suite> <!-- Suite -->
</testng-results>
